# JRE version: OpenJDK Runtime Environment (8.0_392-b08) (build 1.8.0_392-b08)
# Java VM: OpenJDK 64-Bit Server VM (25.392-b08 mixed mode windows-amd64 compressed oops)
Heap:
 PSYoungGen      total 154624K, used 72357K [0x0000000770400000, 0x000000077b180000, 0x00000007c0000000)
  eden space 131584K, 53% used [0x0000000770400000,0x00000007748e9580,0x0000000778480000)
  from space 23040K, 7% used [0x0000000779b00000,0x0000000779cc0010,0x000000077b180000)
  to   space 23040K, 0% used [0x0000000778480000,0x0000000778480000,0x0000000779b00000)
 ParOldGen       total 128000K, used 18553K [0x00000006d0c00000, 0x00000006d8900000, 0x0000000770400000)
  object space 128000K, 14% used [0x00000006d0c00000,0x00000006d1e1e5d8,0x00000006d8900000)
 Metaspace       used 22769K, capacity 23140K, committed 23424K, reserved 1069056K
  class space    used 2802K, capacity 2910K, committed 2944K, reserved 1048576K
GC Heap History (10 events):
Event: 3.327 GC heap before
{Heap before GC invocations=5 (full 1):
 PSYoungGen      total 71680K, used 61440K [0x0000000770400000, 0x0000000779000000, 0x00000007c0000000)
  eden space 61440K, 100% used [0x0000000770400000,0x0000000774000000,0x0000000774000000)
  from space 10240K, 0% used [0x0000000774000000,0x0000000774000000,0x0000000774a00000)
  to   space 10240K, 0% used [0x0000000778600000,0x0000000778600000,0x0000000779000000)
 ParOldGen       total 128000K, used 18537K [0x00000006d0c00000, 0x00000006d8900000, 0x0000000770400000)
  object space 128000K, 14% used [0x00000006d0c00000,0x00000006d1e1a5d8,0x00000006d8900000)
 Metaspace       used 21274K, capacity 21558K, committed 21760K, reserved 1069056K
  class space    used 2660K, capacity 2753K, committed 2816K, reserved 1048576K
Event: 3.329 GC heap after
Heap after GC invocations=5 (full 1):
 PSYoungGen      total 83456K, used 1056K [0x0000000770400000, 0x0000000778780000, 0x00000007c0000000)
  eden space 81920K, 0% used [0x0000000770400000,0x0000000770400000,0x0000000775400000)
  from space 1536K, 68% used [0x0000000778600000,0x0000000778708010,0x0000000778780000)
  to   space 10240K, 0% used [0x0000000777380000,0x0000000777380000,0x0000000777d80000)
 ParOldGen       total 128000K, used 18545K [0x00000006d0c00000, 0x00000006d8900000, 0x0000000770400000)
  object space 128000K, 14% used [0x00000006d0c00000,0x00000006d1e1c5d8,0x00000006d8900000)
 Metaspace       used 21274K, capacity 21558K, committed 21760K, reserved 1069056K
  class space    used 2660K, capacity 2753K, committed 2816K, reserved 1048576K
}
Event: 3.950 GC heap before
{Heap before GC invocations=6 (full 1):
 PSYoungGen      total 83456K, used 82976K [0x0000000770400000, 0x0000000778780000, 0x00000007c0000000)
  eden space 81920K, 100% used [0x0000000770400000,0x0000000775400000,0x0000000775400000)
  from space 1536K, 68% used [0x0000000778600000,0x0000000778708010,0x0000000778780000)
  to   space 10240K, 0% used [0x0000000777380000,0x0000000777380000,0x0000000777d80000)
 ParOldGen       total 128000K, used 18545K [0x00000006d0c00000, 0x00000006d8900000, 0x0000000770400000)
  object space 128000K, 14% used [0x00000006d0c00000,0x00000006d1e1c5d8,0x00000006d8900000)
 Metaspace       used 21432K, capacity 21822K, committed 22016K, reserved 1069056K
  class space    used 2668K, capacity 2765K, committed 2816K, reserved 1048576K
Event: 3.951 GC heap after
Heap after GC invocations=6 (full 1):
 PSYoungGen      total 115200K, used 928K [0x0000000770400000, 0x0000000779a80000, 0x00000007c0000000)
  eden space 104960K, 0% used [0x0000000770400000,0x0000000770400000,0x0000000776a80000)
  from space 10240K, 9% used [0x0000000777380000,0x0000000777468010,0x0000000777d80000)
  to   space 24576K, 0% used [0x0000000778280000,0x0000000778280000,0x0000000779a80000)
 ParOldGen       total 128000K, used 18545K [0x00000006d0c00000, 0x00000006d8900000, 0x0000000770400000)
  object space 128000K, 14% used [0x00000006d0c00000,0x00000006d1e1c5d8,0x00000006d8900000)
 Metaspace       used 21432K, capacity 21822K, committed 22016K, reserved 1069056K
  class space    used 2668K, capacity 2765K, committed 2816K, reserved 1048576K
}
Event: 4.600 GC heap before
{Heap before GC invocations=7 (full 1):
 PSYoungGen      total 115200K, used 105888K [0x0000000770400000, 0x0000000779a80000, 0x00000007c0000000)
  eden space 104960K, 100% used [0x0000000770400000,0x0000000776a80000,0x0000000776a80000)
  from space 10240K, 9% used [0x0000000777380000,0x0000000777468010,0x0000000777d80000)
  to   space 24576K, 0% used [0x0000000778280000,0x0000000778280000,0x0000000779a80000)
 ParOldGen       total 128000K, used 18545K [0x00000006d0c00000, 0x00000006d8900000, 0x0000000770400000)
  object space 128000K, 14% used [0x00000006d0c00000,0x00000006d1e1c5d8,0x00000006d8900000)
 Metaspace       used 21646K, capacity 22028K, committed 22272K, reserved 1069056K
  class space    used 2681K, capacity 2778K, committed 2816K, reserved 1048576K
Event: 4.604 GC heap after
Heap after GC invocations=7 (full 1):
 PSYoungGen      total 130048K, used 1216K [0x0000000770400000, 0x000000077b580000, 0x00000007c0000000)
  eden space 105472K, 0% used [0x0000000770400000,0x0000000770400000,0x0000000776b00000)
  from space 24576K, 4% used [0x0000000778280000,0x00000007783b0010,0x0000000779a80000)
  to   space 24064K, 0% used [0x0000000776b00000,0x0000000776b00000,0x0000000778280000)
 ParOldGen       total 128000K, used 18545K [0x00000006d0c00000, 0x00000006d8900000, 0x0000000770400000)
  object space 128000K, 14% used [0x00000006d0c00000,0x00000006d1e1c5d8,0x00000006d8900000)
 Metaspace       used 21646K, capacity 22028K, committed 22272K, reserved 1069056K
  class space    used 2681K, capacity 2778K, committed 2816K, reserved 1048576K
}
Event: 5.089 GC heap before
{Heap before GC invocations=8 (full 1):
 PSYoungGen      total 130048K, used 106688K [0x0000000770400000, 0x000000077b580000, 0x00000007c0000000)
  eden space 105472K, 100% used [0x0000000770400000,0x0000000776b00000,0x0000000776b00000)
  from space 24576K, 4% used [0x0000000778280000,0x00000007783b0010,0x0000000779a80000)
  to   space 24064K, 0% used [0x0000000776b00000,0x0000000776b00000,0x0000000778280000)
 ParOldGen       total 128000K, used 18545K [0x00000006d0c00000, 0x00000006d8900000, 0x0000000770400000)
  object space 128000K, 14% used [0x00000006d0c00000,0x00000006d1e1c5d8,0x00000006d8900000)
 Metaspace       used 21691K, capacity 22104K, committed 22272K, reserved 1069056K
  class space    used 2682K, capacity 2780K, committed 2816K, reserved 1048576K
Event: 5.091 GC heap after
Heap after GC invocations=8 (full 1):
 PSYoungGen      total 129536K, used 1568K [0x0000000770400000, 0x000000077b200000, 0x00000007c0000000)
  eden space 105472K, 0% used [0x0000000770400000,0x0000000770400000,0x0000000776b00000)
  from space 24064K, 6% used [0x0000000776b00000,0x0000000776c88010,0x0000000778280000)
  to   space 23552K, 0% used [0x0000000779b00000,0x0000000779b00000,0x000000077b200000)
 ParOldGen       total 128000K, used 18553K [0x00000006d0c00000, 0x00000006d8900000, 0x0000000770400000)
  object space 128000K, 14% used [0x00000006d0c00000,0x00000006d1e1e5d8,0x00000006d8900000)
 Metaspace       used 21691K, capacity 22104K, committed 22272K, reserved 1069056K
  class space    used 2682K, capacity 2780K, committed 2816K, reserved 1048576K
}
Event: 5.505 GC heap before
{Heap before GC invocations=9 (full 1):
 PSYoungGen      total 129536K, used 107040K [0x0000000770400000, 0x000000077b200000, 0x00000007c0000000)
  eden space 105472K, 100% used [0x0000000770400000,0x0000000776b00000,0x0000000776b00000)
  from space 24064K, 6% used [0x0000000776b00000,0x0000000776c88010,0x0000000778280000)
  to   space 23552K, 0% used [0x0000000779b00000,0x0000000779b00000,0x000000077b200000)
 ParOldGen       total 128000K, used 18553K [0x00000006d0c00000, 0x00000006d8900000, 0x0000000770400000)
  object space 128000K, 14% used [0x00000006d0c00000,0x00000006d1e1e5d8,0x00000006d8900000)
 Metaspace       used 21716K, capacity 22104K, committed 22272K, reserved 1069056K
  class space    used 2682K, capacity 2780K, committed 2816K, reserved 1048576K
Event: 5.508 GC heap after
Heap after GC invocations=9 (full 1):
 PSYoungGen      total 154624K, used 1792K [0x0000000770400000, 0x000000077b180000, 0x00000007c0000000)
  eden space 131584K, 0% used [0x0000000770400000,0x0000000770400000,0x0000000778480000)
  from space 23040K, 7% used [0x0000000779b00000,0x0000000779cc0010,0x000000077b180000)
  to   space 23040K, 0% used [0x0000000778480000,0x0000000778480000,0x0000000779b00000)
 ParOldGen       total 128000K, used 18553K [0x00000006d0c00000, 0x00000006d8900000, 0x0000000770400000)
  object space 128000K, 14% used [0x00000006d0c00000,0x00000006d1e1e5d8,0x00000006d8900000)
 Metaspace       used 21716K, capacity 22104K, committed 22272K, reserved 1069056K
  class space    used 2682K, capacity 2780K, committed 2816K, reserved 1048576K
}

