# JRE version: OpenJDK Runtime Environment (8.0_382-b05) (build 1.8.0_382-b05)
# Java VM: OpenJDK 64-Bit Server VM (25.382-b05 mixed mode windows-amd64 compressed oops)
Heap:
 PSYoungGen      total 29184K, used 6945K [0x00000000d5f00000, 0x00000000de300000, 0x0000000100000000)
  eden space 28672K, 24% used [0x00000000d5f00000,0x00000000d65b85f8,0x00000000d7b00000)
  from space 512K, 12% used [0x00000000de280000,0x00000000de290000,0x00000000de300000)
  to   space 512K, 0% used [0x00000000de200000,0x00000000de200000,0x00000000de280000)
 ParOldGen       total 87552K, used 27242K [0x0000000081c00000, 0x0000000087180000, 0x00000000d5f00000)
  object space 87552K, 31% used [0x0000000081c00000,0x000000008369aae8,0x0000000087180000)
 Metaspace       used 24614K, capacity 24917K, committed 25088K, reserved 1071104K
  class space    used 2915K, capacity 3037K, committed 3072K, reserved 1048576K
GC Heap History (10 events):
Event: 703.929 GC heap before
{Heap before GC invocations=733 (full 1):
 PSYoungGen      total 29184K, used 28768K [0x00000000d5f00000, 0x00000000de300000, 0x0000000100000000)
  eden space 28672K, 100% used [0x00000000d5f00000,0x00000000d7b00000,0x00000000d7b00000)
  from space 512K, 18% used [0x00000000de200000,0x00000000de218000,0x00000000de280000)
  to   space 512K, 0% used [0x00000000de280000,0x00000000de280000,0x00000000de300000)
 ParOldGen       total 87552K, used 27242K [0x0000000081c00000, 0x0000000087180000, 0x00000000d5f00000)
  object space 87552K, 31% used [0x0000000081c00000,0x000000008369aae8,0x0000000087180000)
 Metaspace       used 24614K, capacity 24917K, committed 25088K, reserved 1071104K
  class space    used 2915K, capacity 3037K, committed 3072K, reserved 1048576K
Event: 703.930 GC heap after
Heap after GC invocations=733 (full 1):
 PSYoungGen      total 29184K, used 64K [0x00000000d5f00000, 0x00000000de300000, 0x0000000100000000)
  eden space 28672K, 0% used [0x00000000d5f00000,0x00000000d5f00000,0x00000000d7b00000)
  from space 512K, 12% used [0x00000000de280000,0x00000000de290000,0x00000000de300000)
  to   space 512K, 0% used [0x00000000de200000,0x00000000de200000,0x00000000de280000)
 ParOldGen       total 87552K, used 27242K [0x0000000081c00000, 0x0000000087180000, 0x00000000d5f00000)
  object space 87552K, 31% used [0x0000000081c00000,0x000000008369aae8,0x0000000087180000)
 Metaspace       used 24614K, capacity 24917K, committed 25088K, reserved 1071104K
  class space    used 2915K, capacity 3037K, committed 3072K, reserved 1048576K
}
Event: 704.617 GC heap before
{Heap before GC invocations=734 (full 1):
 PSYoungGen      total 29184K, used 28736K [0x00000000d5f00000, 0x00000000de300000, 0x0000000100000000)
  eden space 28672K, 100% used [0x00000000d5f00000,0x00000000d7b00000,0x00000000d7b00000)
  from space 512K, 12% used [0x00000000de280000,0x00000000de290000,0x00000000de300000)
  to   space 512K, 0% used [0x00000000de200000,0x00000000de200000,0x00000000de280000)
 ParOldGen       total 87552K, used 27242K [0x0000000081c00000, 0x0000000087180000, 0x00000000d5f00000)
  object space 87552K, 31% used [0x0000000081c00000,0x000000008369aae8,0x0000000087180000)
 Metaspace       used 24614K, capacity 24917K, committed 25088K, reserved 1071104K
  class space    used 2915K, capacity 3037K, committed 3072K, reserved 1048576K
Event: 704.618 GC heap after
Heap after GC invocations=734 (full 1):
 PSYoungGen      total 29184K, used 64K [0x00000000d5f00000, 0x00000000de300000, 0x0000000100000000)
  eden space 28672K, 0% used [0x00000000d5f00000,0x00000000d5f00000,0x00000000d7b00000)
  from space 512K, 12% used [0x00000000de200000,0x00000000de210000,0x00000000de280000)
  to   space 512K, 0% used [0x00000000de280000,0x00000000de280000,0x00000000de300000)
 ParOldGen       total 87552K, used 27242K [0x0000000081c00000, 0x0000000087180000, 0x00000000d5f00000)
  object space 87552K, 31% used [0x0000000081c00000,0x000000008369aae8,0x0000000087180000)
 Metaspace       used 24614K, capacity 24917K, committed 25088K, reserved 1071104K
  class space    used 2915K, capacity 3037K, committed 3072K, reserved 1048576K
}
Event: 705.362 GC heap before
{Heap before GC invocations=735 (full 1):
 PSYoungGen      total 29184K, used 28736K [0x00000000d5f00000, 0x00000000de300000, 0x0000000100000000)
  eden space 28672K, 100% used [0x00000000d5f00000,0x00000000d7b00000,0x00000000d7b00000)
  from space 512K, 12% used [0x00000000de200000,0x00000000de210000,0x00000000de280000)
  to   space 512K, 0% used [0x00000000de280000,0x00000000de280000,0x00000000de300000)
 ParOldGen       total 87552K, used 27242K [0x0000000081c00000, 0x0000000087180000, 0x00000000d5f00000)
  object space 87552K, 31% used [0x0000000081c00000,0x000000008369aae8,0x0000000087180000)
 Metaspace       used 24614K, capacity 24917K, committed 25088K, reserved 1071104K
  class space    used 2915K, capacity 3037K, committed 3072K, reserved 1048576K
Event: 705.363 GC heap after
Heap after GC invocations=735 (full 1):
 PSYoungGen      total 29184K, used 64K [0x00000000d5f00000, 0x00000000de300000, 0x0000000100000000)
  eden space 28672K, 0% used [0x00000000d5f00000,0x00000000d5f00000,0x00000000d7b00000)
  from space 512K, 12% used [0x00000000de280000,0x00000000de290000,0x00000000de300000)
  to   space 512K, 0% used [0x00000000de200000,0x00000000de200000,0x00000000de280000)
 ParOldGen       total 87552K, used 27242K [0x0000000081c00000, 0x0000000087180000, 0x00000000d5f00000)
  object space 87552K, 31% used [0x0000000081c00000,0x000000008369aae8,0x0000000087180000)
 Metaspace       used 24614K, capacity 24917K, committed 25088K, reserved 1071104K
  class space    used 2915K, capacity 3037K, committed 3072K, reserved 1048576K
}
Event: 706.392 GC heap before
{Heap before GC invocations=736 (full 1):
 PSYoungGen      total 29184K, used 28736K [0x00000000d5f00000, 0x00000000de300000, 0x0000000100000000)
  eden space 28672K, 100% used [0x00000000d5f00000,0x00000000d7b00000,0x00000000d7b00000)
  from space 512K, 12% used [0x00000000de280000,0x00000000de290000,0x00000000de300000)
  to   space 512K, 0% used [0x00000000de200000,0x00000000de200000,0x00000000de280000)
 ParOldGen       total 87552K, used 27242K [0x0000000081c00000, 0x0000000087180000, 0x00000000d5f00000)
  object space 87552K, 31% used [0x0000000081c00000,0x000000008369aae8,0x0000000087180000)
 Metaspace       used 24614K, capacity 24917K, committed 25088K, reserved 1071104K
  class space    used 2915K, capacity 3037K, committed 3072K, reserved 1048576K
Event: 706.393 GC heap after
Heap after GC invocations=736 (full 1):
 PSYoungGen      total 29184K, used 64K [0x00000000d5f00000, 0x00000000de300000, 0x0000000100000000)
  eden space 28672K, 0% used [0x00000000d5f00000,0x00000000d5f00000,0x00000000d7b00000)
  from space 512K, 12% used [0x00000000de200000,0x00000000de210000,0x00000000de280000)
  to   space 512K, 0% used [0x00000000de280000,0x00000000de280000,0x00000000de300000)
 ParOldGen       total 87552K, used 27242K [0x0000000081c00000, 0x0000000087180000, 0x00000000d5f00000)
  object space 87552K, 31% used [0x0000000081c00000,0x000000008369aae8,0x0000000087180000)
 Metaspace       used 24614K, capacity 24917K, committed 25088K, reserved 1071104K
  class space    used 2915K, capacity 3037K, committed 3072K, reserved 1048576K
}
Event: 707.480 GC heap before
{Heap before GC invocations=737 (full 1):
 PSYoungGen      total 29184K, used 28736K [0x00000000d5f00000, 0x00000000de300000, 0x0000000100000000)
  eden space 28672K, 100% used [0x00000000d5f00000,0x00000000d7b00000,0x00000000d7b00000)
  from space 512K, 12% used [0x00000000de200000,0x00000000de210000,0x00000000de280000)
  to   space 512K, 0% used [0x00000000de280000,0x00000000de280000,0x00000000de300000)
 ParOldGen       total 87552K, used 27242K [0x0000000081c00000, 0x0000000087180000, 0x00000000d5f00000)
  object space 87552K, 31% used [0x0000000081c00000,0x000000008369aae8,0x0000000087180000)
 Metaspace       used 24614K, capacity 24917K, committed 25088K, reserved 1071104K
  class space    used 2915K, capacity 3037K, committed 3072K, reserved 1048576K
Event: 707.481 GC heap after
Heap after GC invocations=737 (full 1):
 PSYoungGen      total 29184K, used 64K [0x00000000d5f00000, 0x00000000de300000, 0x0000000100000000)
  eden space 28672K, 0% used [0x00000000d5f00000,0x00000000d5f00000,0x00000000d7b00000)
  from space 512K, 12% used [0x00000000de280000,0x00000000de290000,0x00000000de300000)
  to   space 512K, 0% used [0x00000000de200000,0x00000000de200000,0x00000000de280000)
 ParOldGen       total 87552K, used 27242K [0x0000000081c00000, 0x0000000087180000, 0x00000000d5f00000)
  object space 87552K, 31% used [0x0000000081c00000,0x000000008369aae8,0x0000000087180000)
 Metaspace       used 24614K, capacity 24917K, committed 25088K, reserved 1071104K
  class space    used 2915K, capacity 3037K, committed 3072K, reserved 1048576K
}

